Arguments: 
  C:\Program Files\nodejs\node.exe C:\Program Files (x86)\Yarn\bin\yarn.js install

PATH: 
  C:\Program Files (x86)\Common Files\Oracle\Java\javapath;C:\ProgramData\Oracle\Java\javapath;C:\WINDOWS\system32;C:\WINDOWS;C:\WINDOWS\System32\Wbem;C:\WINDOWS\System32\WindowsPowerShell\v1.0\;C:\Program Files\nodejs\;C:\Program Files\Git\cmd;C:\Program Files\TortoiseGit\bin;C:\Program Files\dotnet\;C:\Program Files\Microsoft SQL Server\130\Tools\Binn\;C:\Program Files (x86)\Microsoft SQL Server\Client SDK\ODBC\130\Tools\Binn\;C:\Program Files (x86)\Microsoft SQL Server\140\Tools\Binn\;C:\Program Files (x86)\Microsoft SQL Server\140\DTS\Binn\;C:\Program Files (x86)\Microsoft SQL Server\140\Tools\Binn\ManagementStudio\;C:\Program Files (x86)\Yarn\bin\;C:\Users\misto\AppData\Local\Microsoft\WindowsApps;C:\Users\misto\AppData\Roaming\npm;C:\Program Files\Microsoft VS Code\bin;C:\Users\misto\AppData\Local\Yarn\bin;C:\curl;

Yarn version: 
  1.7.0

Node version: 
  8.10.0

Platform: 
  win32 x64

Trace: 
  Error: https://registry.yarnpkg.com/node-saas: Not found
      at Request.params.callback [as _callback] (C:\Program Files (x86)\Yarn\lib\cli.js:65656:18)
      at Request.self.callback (C:\Program Files (x86)\Yarn\lib\cli.js:134675:22)
      at emitTwo (events.js:126:13)
      at Request.emit (events.js:214:7)
      at Request.<anonymous> (C:\Program Files (x86)\Yarn\lib\cli.js:135658:10)
      at emitOne (events.js:116:13)
      at Request.emit (events.js:211:7)
      at IncomingMessage.<anonymous> (C:\Program Files (x86)\Yarn\lib\cli.js:135578:12)
      at Object.onceWrapper (events.js:313:30)
      at emitNone (events.js:111:20)

npm manifest: 
  {
    "name": "phoenix-ux",
    "private": true,
    "version": "1.0.0",
    "description": "Your app title",
    "license": "MIT",
    "main": "app.js",
    "devDependencies": {
      "@types/jquery": "latest",
      "@types/angular": "latest",
      "@types/es6-promise": "latest",
      "phoenix-cli": "git+https://salvia.visualstudio.com/DefaultCollection/PhenixJS/_git/phoenix-cli#master",
      "phoenix-app": "git+https://salvia.visualstudio.com/DefaultCollection/PhenixJS/_git/phoenix-app#master",
      "jquery": "latest",
  	"node-saas": "latest",
      "angular": "1.6.x",
      "angular-route": "1.6.x",
      "es6-promise": "latest",
      "ismobilejs": "latest",
  	"font-awesome": "latest",
      "bootstrap-datepicker": "latest",
      "express": "latest",
      "grunt": "latest",
      "typescript": "2.x.x",
      "grunt-angular-templates": "latest",
      "grunt-contrib-clean": "latest",
      "grunt-contrib-concat": "latest",
      "grunt-contrib-connect": "latest",
      "grunt-contrib-copy": "latest",
      "grunt-contrib-cssmin": "latest",
      "grunt-contrib-less": "latest",
      "grunt-contrib-uglify": "latest",
      "grunt-contrib-watch": "latest",
      "grunt-html-build": "latest",
      "grunt-ts": "latest",
      "grunt-replace": "latest",
      "load-grunt-tasks": "latest",
      "grunt-sass": "latest",
  	"popper.js": "latest",
      "phoenix-seed": "git+https://salvia.visualstudio.com/DefaultCollection/PhenixJS/_git/phoenix-seed#master"
    }
  }

yarn manifest: 
  No manifest

Lockfile: 
  No lockfile
